<?xml version="1.0" encoding="UTF-8"?>
<testsuite name="com.sparta.msa_exam.MsaExamApplicationTests" tests="1" skipped="0" failures="0" errors="0" timestamp="2024-12-02T14:58:29" hostname="MacBookAir.lan" time="0.704">
  <properties/>
  <testcase name="contextLoads()" classname="com.sparta.msa_exam.MsaExamApplicationTests" time="0.704"/>
  <system-out><![CDATA[23:58:26.646 [Test worker] INFO org.springframework.test.context.support.AnnotationConfigContextLoaderUtils -- Could not detect default configuration classes for test class [com.sparta.msa_exam.MsaExamApplicationTests]: MsaExamApplicationTests does not declare any static, non-private, non-final, nested classes annotated with @Configuration.
23:58:26.711 [Test worker] INFO org.springframework.boot.test.context.SpringBootTestContextBootstrapper -- Found @SpringBootConfiguration com.sparta.msa_exam.MsaExamApplication for test class com.sparta.msa_exam.MsaExamApplicationTests

  .   ____          _            __ _ _
 /\\ / ___'_ __ _ _(_)_ __  __ _ \ \ \ \
( ( )\___ | '_ | '_| | '_ \/ _` | \ \ \ \
 \\/  ___)| |_)| | | | | || (_| |  ) ) ) )
  '  |____| .__|_| |_|_| |_\__, | / / / /
 =========|_|==============|___/=/_/_/_/

 :: Spring Boot ::                (v3.4.0)

2024-12-02T23:58:27.518+09:00  INFO 6833 --- [msa_exam] [    Test worker] c.s.msa_exam.MsaExamApplicationTests     : Starting MsaExamApplicationTests using Java 17.0.8 with PID 6833 (started by liv in /Users/liv/Documents/java/dev-project/msa/com.sparta.msa_exam)
2024-12-02T23:58:27.520+09:00  INFO 6833 --- [msa_exam] [    Test worker] c.s.msa_exam.MsaExamApplicationTests     : No active profile set, falling back to 1 default profile: "default"
2024-12-02T23:58:28.172+09:00  INFO 6833 --- [msa_exam] [    Test worker] o.s.cloud.context.scope.GenericScope     : BeanFactory id=fb1b387b-675f-32e7-96c1-d082f6b384ba
2024-12-02T23:58:29.016+09:00  WARN 6833 --- [msa_exam] [    Test worker] iguration$LoadBalancerCaffeineWarnLogger : Spring Cloud LoadBalancer is currently working with the default cache. While this cache implementation is useful for development and tests, it's recommended to use Caffeine cache in production.You can switch to using Caffeine cache, by adding it and org.springframework.cache.caffeine.CaffeineCacheManager to the classpath.
2024-12-02T23:58:29.197+09:00  INFO 6833 --- [msa_exam] [    Test worker] o.s.c.n.eureka.InstanceInfoFactory       : Setting initial instance status as: STARTING
2024-12-02T23:58:29.212+09:00  INFO 6833 --- [msa_exam] [    Test worker] com.netflix.discovery.DiscoveryClient    : Initializing Eureka in region us-east-1
2024-12-02T23:58:29.213+09:00  INFO 6833 --- [msa_exam] [    Test worker] com.netflix.discovery.DiscoveryClient    : Client configured to neither register nor query for data.
2024-12-02T23:58:29.214+09:00  INFO 6833 --- [msa_exam] [    Test worker] com.netflix.discovery.DiscoveryClient    : Discovery Client initialized at timestamp 1733151509213 with initial instances count: 0
2024-12-02T23:58:29.248+09:00  INFO 6833 --- [msa_exam] [    Test worker] c.n.eureka.DefaultEurekaServerContext    : Initializing ...
2024-12-02T23:58:29.249+09:00  WARN 6833 --- [msa_exam] [    Test worker] c.n.eureka.cluster.PeerEurekaNodes       : The replica size seems to be empty. Check the route 53 DNS Registry
2024-12-02T23:58:29.255+09:00  INFO 6833 --- [msa_exam] [    Test worker] c.n.e.registry.AbstractInstanceRegistry  : Finished initializing remote region registries. All known remote regions: []
2024-12-02T23:58:29.255+09:00  INFO 6833 --- [msa_exam] [    Test worker] c.n.eureka.DefaultEurekaServerContext    : Initialized
2024-12-02T23:58:29.361+09:00  INFO 6833 --- [msa_exam] [    Test worker] o.s.b.a.e.web.EndpointLinksResolver      : Exposing 1 endpoint beneath base path '/actuator'
2024-12-02T23:58:29.419+09:00  INFO 6833 --- [msa_exam] [    Test worker] o.s.c.n.e.s.EurekaServiceRegistry        : Registering application MSA_EXAM with eureka with status UP
2024-12-02T23:58:29.428+09:00  INFO 6833 --- [msa_exam] [      Thread-12] o.s.c.n.e.server.EurekaServerBootstrap   : isAws returned false
2024-12-02T23:58:29.429+09:00  INFO 6833 --- [msa_exam] [      Thread-12] o.s.c.n.e.server.EurekaServerBootstrap   : Initialized server context
2024-12-02T23:58:29.429+09:00  INFO 6833 --- [msa_exam] [      Thread-12] c.n.e.r.PeerAwareInstanceRegistryImpl    : Got 1 instances from neighboring DS node
2024-12-02T23:58:29.429+09:00  INFO 6833 --- [msa_exam] [      Thread-12] c.n.e.r.PeerAwareInstanceRegistryImpl    : Renew threshold is: 1
2024-12-02T23:58:29.429+09:00  INFO 6833 --- [msa_exam] [      Thread-12] c.n.e.r.PeerAwareInstanceRegistryImpl    : Changing status to UP
2024-12-02T23:58:29.432+09:00  INFO 6833 --- [msa_exam] [      Thread-12] e.s.EurekaServerInitializerConfiguration : Started Eureka Server
2024-12-02T23:58:29.453+09:00  INFO 6833 --- [msa_exam] [    Test worker] c.s.msa_exam.MsaExamApplicationTests     : Started MsaExamApplicationTests in 2.522 seconds (process running for 3.366)
]]></system-out>
  <system-err><![CDATA[]]></system-err>
</testsuite>
